<?xml version="1.0" encoding="utf-8"?><testsuites name="pytest tests"><testsuite name="pytest" errors="0" failures="0" skipped="0" tests="6" time="4.727" timestamp="2026-07-20T09:38:11.230182+00:00" hostname="agent-env-1567e779-1049-4657-9026-42f6c3b7ffe1"><testcase classname="tests.governance.test_artifacts_and_citations.TestArtifactsAndCitations" name="test_intake_persists_artifacts" time="0.262" /><testcase classname="tests.governance.test_artifacts_and_citations.TestArtifactsAndCitations" name="test_phase_outputs_carry_citations_and_missing" time="1.349" /><testcase classname="tests.governance.test_artifacts_and_citations.TestArtifactsAndCitations" name="test_missing_artifact_surfaced" time="1.267" /><testcase classname="tests.governance.test_artifacts_and_citations.TestArtifactsAndCitations" name="test_artifacts_endpoint_returns_citations" time="1.207" /><testcase classname="tests.governance.test_artifacts_and_citations.TestArtifactsAndCitations" name="test_upload_additional_artifacts" time="0.387" /><testcase classname="tests.governance.test_artifacts_and_citations.TestArtifactsAndCitations" name="test_runs_list_endpoint" time="0.200" /></testsuite></testsuites>