<?xml version="1.0" encoding="utf-8"?><testsuites name="pytest tests"><testsuite name="pytest" errors="0" failures="0" skipped="0" tests="28" time="14.407" timestamp="2026-07-20T10:13:25.266912+00:00" hostname="agent-env-1567e779-1049-4657-9026-42f6c3b7ffe1"><testcase classname="tests.governance.test_artifacts_and_citations.TestArtifactsAndCitations" name="test_intake_persists_artifacts" time="0.147" /><testcase classname="tests.governance.test_artifacts_and_citations.TestArtifactsAndCitations" name="test_phase_outputs_carry_citations_and_missing" time="0.627" /><testcase classname="tests.governance.test_artifacts_and_citations.TestArtifactsAndCitations" name="test_missing_artifact_surfaced" time="0.426" /><testcase classname="tests.governance.test_artifacts_and_citations.TestArtifactsAndCitations" name="test_artifacts_endpoint_returns_citations" time="0.460" /><testcase classname="tests.governance.test_artifacts_and_citations.TestArtifactsAndCitations" name="test_upload_additional_artifacts" time="0.094" /><testcase classname="tests.governance.test_artifacts_and_citations.TestArtifactsAndCitations" name="test_runs_list_endpoint" time="0.040" /><testcase classname="tests.governance.test_gap_analysis.TestGapAnalysis" name="test_good_dpia_no_blocker_gaps" time="0.080" /><testcase classname="tests.governance.test_gap_analysis.TestGapAnalysis" name="test_bad_dpia_triggers_blocker_gap_on_measures_envisaged" time="0.082" /><testcase classname="tests.governance.test_gap_analysis.TestGapAnalysis" name="test_bad_dpia_blocks_data_protection_phase" time="0.198" /><testcase classname="tests.governance.test_gap_analysis.TestGapAnalysis" name="test_multipart_upload_computes_sha256_and_gaps" time="0.075" /><testcase classname="tests.governance.test_gap_analysis.TestGapAnalysis" name="test_pdf_extraction_via_multipart" time="0.127" /><testcase classname="tests.governance.test_gap_analysis.TestGapAnalysis" name="test_bias_test_missing_di_is_blocker" time="0.073" /><testcase classname="tests.governance.test_gap_analysis.TestGapAnalysis" name="test_artifact_text_endpoint" time="0.093" /><testcase classname="tests.governance.test_governance_pipeline.TestFullPipeline" name="test_nine_phases_and_certificate" time="0.424" /><testcase classname="tests.governance.test_governance_pipeline.TestFullPipeline" name="test_phase_ordering_enforced" time="0.191" /><testcase classname="tests.governance.test_governance_pipeline.TestFullPipeline" name="test_blocker_halts_pipeline_and_blocks_cert" time="0.127" /><testcase classname="tests.governance.test_governance_pipeline.TestFullPipeline" name="test_least_privilege_scopes" time="0.242" /><testcase classname="tests.governance.test_governance_pipeline.TestFullPipeline" name="test_request_hash_mismatch_rejected" time="0.001" /><testcase classname="tests.governance.test_governance_pipeline.TestReaudit" name="test_reaudit_reissues_and_supersedes" time="0.326" /><testcase classname="tests.governance.test_governance_pipeline.TestReaudit" name="test_reaudit_blocker_revokes_certificate" time="0.226" /><testcase classname="tests.governance.test_governance_pipeline.TestReaudit" name="test_monitoring_observation_triggers_reaudit" time="2.203" /><testcase classname="tests.governance.test_governance_pipeline.TestEventFabric" name="test_phase_events_delivered" time="0.003" /><testcase classname="tests.governance.test_governance_pipeline.TestEventFabric" name="test_poison_event_routed_to_dead_letter" time="8.015" /><testcase classname="tests.governance.test_new_backend_endpoints.TestAuth" name="test_all_four_roles_issue_tokens" time="0.006" /><testcase classname="tests.governance.test_new_backend_endpoints.TestAuth" name="test_bad_secret_401" time="0.001" /><testcase classname="tests.governance.test_new_backend_endpoints.TestRunsList" name="test_runs_list" time="0.003" /><testcase classname="tests.governance.test_new_backend_endpoints.TestCertificates" name="test_certificates_active_list" time="0.005" /><testcase classname="tests.governance.test_new_backend_endpoints.TestCertificates" name="test_certificate_revoke_flow" time="0.011" /></testsuite></testsuites>