<?xml version="1.0" encoding="utf-8"?><testsuites name="pytest tests"><testsuite name="pytest" errors="0" failures="0" skipped="0" tests="5" time="1.331" timestamp="2026-07-20T09:38:41.204381+00:00" hostname="agent-env-1567e779-1049-4657-9026-42f6c3b7ffe1"><testcase classname="tests.governance.test_new_backend_endpoints.TestAuth" name="test_all_four_roles_issue_tokens" time="0.436" /><testcase classname="tests.governance.test_new_backend_endpoints.TestAuth" name="test_bad_secret_401" time="0.097" /><testcase classname="tests.governance.test_new_backend_endpoints.TestRunsList" name="test_runs_list" time="0.178" /><testcase classname="tests.governance.test_new_backend_endpoints.TestCertificates" name="test_certificates_active_list" time="0.185" /><testcase classname="tests.governance.test_new_backend_endpoints.TestCertificates" name="test_certificate_revoke_flow" time="0.374" /></testsuite></testsuites>